d:\文档\visual studio 2015\projects\project_3_card\project_3_card\debug\vc140.pdb
d:\文档\visual studio 2015\projects\project_3_card\project_3_card\debug\vc140.idb
d:\文档\visual studio 2015\projects\project_3_card\project_3_card\debug\binding_card.obj
d:\文档\visual studio 2015\projects\project_3_card\project_3_card\debug\camplus_card.obj
d:\文档\visual studio 2015\projects\project_3_card\project_3_card\debug\card.obj
d:\文档\visual studio 2015\projects\project_3_card\project_3_card\debug\deposit_card.obj
d:\文档\visual studio 2015\projects\project_3_card\project_3_card\debug\main.obj
d:\文档\visual studio 2015\projects\project_3_card\project_3_card\debug\system.obj
d:\文档\visual studio 2015\projects\project_3_card\project_3_card\debug\usersystem.obj
d:\文档\visual studio 2015\projects\project_3_card\project_3_card\debug\jsoncpp.obj
d:\文档\visual studio 2015\projects\project_3_card\project_3_card\debug\system_admin.obj
d:\文档\visual studio 2015\projects\project_3_card\project_3_card\debug\system_user.obj
d:\文档\visual studio 2015\projects\project_3_card\debug\project_3_card.ilk
d:\文档\visual studio 2015\projects\project_3_card\debug\project_3_card.exe
d:\文档\visual studio 2015\projects\project_3_card\debug\project_3_card.pdb
d:\文档\visual studio 2015\projects\project_3_card\project_3_card\debug\project_3_card.tlog\cl.command.1.tlog
d:\文档\visual studio 2015\projects\project_3_card\project_3_card\debug\project_3_card.tlog\cl.read.1.tlog
d:\文档\visual studio 2015\projects\project_3_card\project_3_card\debug\project_3_card.tlog\cl.write.1.tlog
d:\文档\visual studio 2015\projects\project_3_card\project_3_card\debug\project_3_card.tlog\link.command.1.tlog
d:\文档\visual studio 2015\projects\project_3_card\project_3_card\debug\project_3_card.tlog\link.read.1.tlog
d:\文档\visual studio 2015\projects\project_3_card\project_3_card\debug\project_3_card.tlog\link.write.1.tlog
